[Sun Jul 22 06:25:02.911258 2018] [mpm_prefork:notice] [pid 11231] AH00163: Apache/2.4.18 (Ubuntu) OpenSSL/1.0.2g configured -- resuming normal operations
[Sun Jul 22 06:25:02.911303 2018] [core:notice] [pid 11231] AH00094: Command line: '/usr/sbin/apache2'
[Sun Jul 22 13:45:06.087340 2018] [:error] [pid 996] [client 192.75.135.3:65008] PHP Parse error:  syntax error, unexpected 'echo' (T_ECHO) in /var/www/html/Scream/index.php on line 5
[Sun Jul 22 13:45:07.368134 2018] [:error] [pid 1430] [client 192.75.135.3:42921] PHP Parse error:  syntax error, unexpected 'echo' (T_ECHO) in /var/www/html/Scream/index.php on line 5
[Sun Jul 22 13:45:09.663788 2018] [:error] [pid 1431] [client 192.75.135.3:34590] PHP Parse error:  syntax error, unexpected 'echo' (T_ECHO) in /var/www/html/Scream/index.php on line 5
[Sun Jul 22 13:45:48.282816 2018] [:error] [pid 926] [client 192.75.135.3:46997] PHP Parse error:  syntax error, unexpected 'echo' (T_ECHO) in /var/www/html/Scream/index.php on line 5
[Sun Jul 22 13:45:49.275165 2018] [:error] [pid 927] [client 192.75.135.3:53658] PHP Parse error:  syntax error, unexpected 'echo' (T_ECHO) in /var/www/html/Scream/index.php on line 5
[Sun Jul 22 13:45:49.478702 2018] [:error] [pid 929] [client 192.75.135.3:24980] PHP Parse error:  syntax error, unexpected 'echo' (T_ECHO) in /var/www/html/Scream/index.php on line 5
[Sun Jul 22 13:45:49.997440 2018] [:error] [pid 928] [client 192.75.135.3:33835] PHP Parse error:  syntax error, unexpected 'echo' (T_ECHO) in /var/www/html/Scream/index.php on line 5
[Sun Jul 22 13:45:50.605684 2018] [:error] [pid 1432] [client 192.75.135.3:40877] PHP Parse error:  syntax error, unexpected 'echo' (T_ECHO) in /var/www/html/Scream/index.php on line 5
[Sun Jul 22 13:45:50.999095 2018] [:error] [pid 930] [client 192.75.135.3:53458] PHP Parse error:  syntax error, unexpected 'echo' (T_ECHO) in /var/www/html/Scream/index.php on line 5
[Sun Jul 22 13:45:51.202431 2018] [:error] [pid 1432] [client 192.75.135.3:37951] PHP Parse error:  syntax error, unexpected 'echo' (T_ECHO) in /var/www/html/Scream/index.php on line 5
[Sun Jul 22 13:45:51.419733 2018] [:error] [pid 930] [client 192.75.135.3:57456] PHP Parse error:  syntax error, unexpected 'echo' (T_ECHO) in /var/www/html/Scream/index.php on line 5
[Sun Jul 22 13:45:51.568235 2018] [:error] [pid 1432] [client 192.75.135.3:4639] PHP Parse error:  syntax error, unexpected 'echo' (T_ECHO) in /var/www/html/Scream/index.php on line 5
[Sun Jul 22 13:45:53.098804 2018] [:error] [pid 930] [client 192.75.135.3:55278] PHP Parse error:  syntax error, unexpected 'echo' (T_ECHO) in /var/www/html/Scream/index.php on line 5
[Sun Jul 22 13:46:23.555156 2018] [:error] [pid 1431] [client 192.75.135.3:27382] PHP Parse error:  syntax error, unexpected 'echo' (T_ECHO) in /var/www/html/Scream/index.php on line 5
[Sun Jul 22 13:46:23.831820 2018] [:error] [pid 927] [client 192.75.135.3:9260] PHP Parse error:  syntax error, unexpected 'echo' (T_ECHO) in /var/www/html/Scream/index.php on line 5
[Sun Jul 22 13:46:24.248824 2018] [:error] [pid 926] [client 192.75.135.3:58723] PHP Parse error:  syntax error, unexpected 'echo' (T_ECHO) in /var/www/html/Scream/index.php on line 5
[Sun Jul 22 13:46:24.576283 2018] [:error] [pid 928] [client 192.75.135.3:34163] PHP Parse error:  syntax error, unexpected 'echo' (T_ECHO) in /var/www/html/Scream/index.php on line 5
[Sun Jul 22 13:46:24.740371 2018] [:error] [pid 1432] [client 192.75.135.3:49622] PHP Parse error:  syntax error, unexpected 'echo' (T_ECHO) in /var/www/html/Scream/index.php on line 5
[Sun Jul 22 13:46:26.159612 2018] [:error] [pid 929] [client 192.75.135.3:24241] PHP Parse error:  syntax error, unexpected 'echo' (T_ECHO) in /var/www/html/Scream/index.php on line 5
[Sun Jul 22 13:49:03.937549 2018] [:error] [pid 3067] [client 192.75.135.3:3821] PHP Parse error:  syntax error, unexpected 'echo' (T_ECHO) in /var/www/html/Scream/index.php on line 5
[Sun Jul 22 13:49:04.693929 2018] [:error] [pid 1430] [client 192.75.135.3:45238] PHP Parse error:  syntax error, unexpected 'echo' (T_ECHO) in /var/www/html/Scream/index.php on line 5
[Sun Jul 22 13:49:05.033220 2018] [:error] [pid 996] [client 192.75.135.3:7176] PHP Parse error:  syntax error, unexpected 'echo' (T_ECHO) in /var/www/html/Scream/index.php on line 5
[Sun Jul 22 13:49:05.235279 2018] [:error] [pid 928] [client 192.75.135.3:63443] PHP Parse error:  syntax error, unexpected 'echo' (T_ECHO) in /var/www/html/Scream/index.php on line 5
[Sun Jul 22 13:49:06.499337 2018] [:error] [pid 1431] [client 192.75.135.3:8421] PHP Parse error:  syntax error, unexpected 'echo' (T_ECHO) in /var/www/html/Scream/index.php on line 5
[Sun Jul 22 13:49:13.664250 2018] [:error] [pid 929] [client 192.75.135.3:46226] PHP Parse error:  syntax error, unexpected 'echo' (T_ECHO) in /var/www/html/Scream/index.php on line 5
[Sun Jul 22 13:51:04.342018 2018] [:error] [pid 926] [client 192.75.135.3:2181] PHP Parse error:  syntax error, unexpected 'echo' (T_ECHO) in /var/www/html/Scream/index.php on line 5
[Sun Jul 22 13:51:04.905057 2018] [:error] [pid 927] [client 192.75.135.3:21101] PHP Parse error:  syntax error, unexpected 'echo' (T_ECHO) in /var/www/html/Scream/index.php on line 5
[Sun Jul 22 13:51:05.318034 2018] [:error] [pid 1430] [client 192.75.135.3:28240] PHP Parse error:  syntax error, unexpected 'echo' (T_ECHO) in /var/www/html/Scream/index.php on line 5
Traceback (most recent call last):
  File "api.py", line 2, in <module>
    import firebase_admin
ImportError: No module named 'firebase_admin'
Traceback (most recent call last):
  File "api.py", line 2, in <module>
    import firebase_admin
ImportError: No module named 'firebase_admin'
Traceback (most recent call last):
  File "api.py", line 2, in <module>
    import firebase_admin
ImportError: No module named 'firebase_admin'
Traceback (most recent call last):
  File "api.py", line 2, in <module>
    import firebase_admin
ImportError: No module named 'firebase_admin'
Traceback (most recent call last):
  File "api.py", line 2, in <module>
    import firebase_admin
ImportError: No module named 'firebase_admin'
Traceback (most recent call last):
  File "api.py", line 2, in <module>
    import firebase_admin
ImportError: No module named 'firebase_admin'
Traceback (most recent call last):
  File "api.py", line 2, in <module>
    import firebase_admin
ImportError: No module named 'firebase_admin'
Traceback (most recent call last):
  File "api.py", line 2, in <module>
    import firebase_admin
ImportError: No module named 'firebase_admin'
Traceback (most recent call last):
  File "api.py", line 2, in <module>
    import firebase_admin
ImportError: No module named 'firebase_admin'
Traceback (most recent call last):
  File "api.py", line 2, in <module>
    import firebase_admin
ImportError: No module named 'firebase_admin'
Traceback (most recent call last):
  File "api.py", line 2, in <module>
    import firebase_admin
ImportError: No module named 'firebase_admin'
Traceback (most recent call last):
  File "api.py", line 2, in <module>
    import firebase_admin
ImportError: No module named 'firebase_admin'
Traceback (most recent call last):
  File "api.py", line 2, in <module>
    import firebase_admin
ImportError: No module named 'firebase_admin'
Traceback (most recent call last):
  File "api.py", line 2, in <module>
    import firebase_admin
ImportError: No module named 'firebase_admin'
Traceback (most recent call last):
  File "api.py", line 2, in <module>
    import firebase_admin
ImportError: No module named 'firebase_admin'
Traceback (most recent call last):
  File "api.py", line 2, in <module>
    import firebase_admin
ImportError: No module named 'firebase_admin'
Traceback (most recent call last):
  File "api.py", line 2, in <module>
    import firebase_admin
ImportError: No module named 'firebase_admin'
Traceback (most recent call last):
  File "api.py", line 2, in <module>
    import firebase_admin
ImportError: No module named 'firebase_admin'
Traceback (most recent call last):
  File "api.py", line 2, in <module>
    import firebase_admin
ImportError: No module named 'firebase_admin'
Traceback (most recent call last):
  File "api.py", line 2, in <module>
    import firebase_admin
ImportError: No module named 'firebase_admin'
Traceback (most recent call last):
  File "api.py", line 2, in <module>
    import firebase_admin
ImportError: No module named 'firebase_admin'
Traceback (most recent call last):
  File "api.py", line 2, in <module>
    import firebase_admin
ImportError: No module named 'firebase_admin'
Traceback (most recent call last):
  File "api.py", line 2, in <module>
    import firebase_admin
ImportError: No module named 'firebase_admin'
Traceback (most recent call last):
  File "api.py", line 2, in <module>
    import firebase_admin
ImportError: No module named 'firebase_admin'
Traceback (most recent call last):
  File "api.py", line 1, in <module>
    import firebase_admin
ImportError: No module named 'firebase_admin'
Traceback (most recent call last):
  File "api.py", line 1, in <module>
    import firebase_admin
ImportError: No module named 'firebase_admin'
Traceback (most recent call last):
  File "api.py", line 1, in <module>
    import firebase_admin
ImportError: No module named 'firebase_admin'
Traceback (most recent call last):
  File "api.py", line 1, in <module>
    import firebase_admin
ImportError: No module named 'firebase_admin'
Traceback (most recent call last):
  File "api.py", line 1, in <module>
    import firebase_admin
ImportError: No module named 'firebase_admin'
Traceback (most recent call last):
  File "api.py", line 1, in <module>
    import firebase_admin
ImportError: No module named 'firebase_admin'
Traceback (most recent call last):
  File "api.py", line 1, in <module>
    import firebase_admin
ImportError: No module named firebase_admin
Traceback (most recent call last):
  File "api.py", line 1, in <module>
    import firebase_admin
ImportError: No module named firebase_admin
Traceback (most recent call last):
  File "api.py", line 1, in <module>
    import firebase_admin
ImportError: No module named firebase_admin
Traceback (most recent call last):
  File "api.py", line 1, in <module>
    import firebase_admin
ImportError: No module named firebase_admin
Traceback (most recent call last):
  File "api.py", line 1, in <module>
    import firebase_admin
ImportError: No module named firebase_admin
Traceback (most recent call last):
  File "api.py", line 1, in <module>
    import firebase_admin
ImportError: No module named firebase_admin
Traceback (most recent call last):
  File "api.py", line 1, in <module>
    import firebase_admin
ImportError: No module named firebase_admin
Traceback (most recent call last):
  File "api.py", line 1, in <module>
    import firebase_admin
ImportError: No module named firebase_admin
Traceback (most recent call last):
  File "api.py", line 1, in <module>
    import firebase_admin
ImportError: No module named firebase_admin
Traceback (most recent call last):
  File "api.py", line 1, in <module>
    import firebase_admin
ImportError: No module named firebase_admin
Traceback (most recent call last):
  File "api.py", line 1, in <module>
    import firebase_admin
ImportError: No module named firebase_admin
Traceback (most recent call last):
  File "api.py", line 1, in <module>
    import firebase_admin
ImportError: No module named firebase_admin
Traceback (most recent call last):
  File "api.py", line 1, in <module>
    import firebase_admin
ImportError: No module named firebase_admin
Traceback (most recent call last):
  File "api.py", line 1, in <module>
    import firebase_admin
ImportError: No module named firebase_admin
Traceback (most recent call last):
  File "api.py", line 1, in <module>
    import firebase_admin
ImportError: No module named firebase_admin
Traceback (most recent call last):
  File "api.py", line 1, in <module>
    import firebase_admin
ImportError: No module named firebase_admin
Traceback (most recent call last):
  File "api.py", line 1, in <module>
    import firebase_admin
ImportError: No module named firebase_admin
Traceback (most recent call last):
  File "api.py", line 1, in <module>
    import firebase_admin
ImportError: No module named firebase_admin
Traceback (most recent call last):
  File "api.py", line 1, in <module>
    import firebase_admin
ImportError: No module named firebase_admin
Traceback (most recent call last):
  File "api.py", line 1, in <module>
    import firebase_admin
ImportError: No module named firebase_admin
Traceback (most recent call last):
  File "/var/www/html/Scream/api.py", line 1, in <module>
    import firebase_admin
ImportError: No module named firebase_admin
Traceback (most recent call last):
  File "/var/www/html/Scream/api.py", line 1, in <module>
    import firebase_admin
ImportError: No module named firebase_admin
Traceback (most recent call last):
  File "/var/www/html/Scream/api.py", line 1, in <module>
    import firebase_admin
ImportError: No module named firebase_admin
Traceback (most recent call last):
  File "/var/www/html/Scream/api.py", line 1, in <module>
    import firebase_admin
ImportError: No module named firebase_admin
Traceback (most recent call last):
  File "/var/www/html/Scream/api.py", line 1, in <module>
    import firebase_admin
ImportError: No module named firebase_admin
Traceback (most recent call last):
  File "/var/www/html/Scream/api.py", line 1, in <module>
    import firebase_admin
ImportError: No module named firebase_admin
Traceback (most recent call last):
  File "/var/www/html/Scream/api.py", line 1, in <module>
    import firebase_admin
ImportError: No module named firebase_admin
Traceback (most recent call last):
  File "/var/www/html/Scream/getRequests.py", line 1, in <module>
    import firebase_admin
ImportError: No module named firebase_admin
Traceback (most recent call last):
  File "/var/www/html/Scream/getRequests.py", line 1, in <module>
    import firebase_admin
ImportError: No module named firebase_admin
Traceback (most recent call last):
  File "/var/www/html/Scream/getRequests.py", line 1, in <module>
    import firebase_admin
ImportError: No module named firebase_admin
Traceback (most recent call last):
  File "/var/www/html/Scream/getRequests.py", line 1, in <module>
    import firebase_admin
ImportError: No module named firebase_admin
